<?xml version="1.0" encoding="utf-8"?><testsuites name="pytest tests"><testsuite name="pytest" errors="0" failures="0" skipped="0" tests="2" time="1.173" timestamp="2026-07-04T19:15:18.821212+09:00" hostname="A8"><testcase classname="tests.api.test_documents_api.TestDocumentDeleteAPI" name="test_delete_nonexistent_returns_404" time="0.057" /><testcase classname="tests.api.test_documents_api.TestDocumentDeleteAPI" name="test_delete_removes_document_from_db" time="0.022" /></testsuite></testsuites>