<?xml version="1.0" encoding="utf-8"?><testsuites name="pytest tests"><testsuite name="pytest" errors="0" failures="18" skipped="2" tests="217" time="2.847" timestamp="2026-07-04T10:11:23.833952+09:00" hostname="A8"><testcase classname="tests.api.test_clients_api.TestClientsListAPI" name="test_get_clients_returns_200" time="0.086" /><testcase classname="tests.api.test_clients_api.TestClientsListAPI" name="test_get_clients_returns_list" time="0.008" /><testcase classname="tests.api.test_clients_api.TestClientsListAPI" name="test_get_clients_with_active_filter" time="0.008" /><testcase classname="tests.api.test_clients_api.TestClientsCreateAPI" name="test_create_client_returns_201" time="0.014" /><testcase classname="tests.api.test_clients_api.TestClientsCreateAPI" name="test_create_client_returns_id" time="0.010" /><testcase classname="tests.api.test_clients_api.TestClientsCreateAPI" name="test_create_client_without_name_returns_422" time="0.007" /><testcase classname="tests.api.test_clients_api.TestClientStatsAPI" name="test_get_nonexistent_client_stats_returns_404" time="0.009" /><testcase classname="tests.api.test_clients_api.TestClientStatsAPI" name="test_get_invalid_uuid_returns_422" time="0.008" /><testcase classname="tests.api.test_documents_api.TestDocumentsListAPI" name="test_get_documents_returns_200" time="0.016" /><testcase classname="tests.api.test_documents_api.TestDocumentsListAPI" name="test_get_documents_returns_list" time="0.010" /><testcase classname="tests.api.test_documents_api.TestDocumentsListAPI" name="test_get_documents_with_status_filter" time="0.011" /><testcase classname="tests.api.test_documents_api.TestDocumentsListAPI" name="test_get_documents_with_confidence_tier_filter" time="0.012" /><testcase classname="tests.api.test_documents_api.TestDocumentsListAPI" name="test_get_documents_with_pagination" time="0.010" /><testcase classname="tests.api.test_documents_api.TestDocumentDetailAPI" name="test_get_nonexistent_document_returns_404" time="0.011" /><testcase classname="tests.api.test_documents_api.TestDocumentDetailAPI" name="test_get_document_with_invalid_uuid_returns_error" time="0.008" /><testcase classname="tests.api.test_documents_api.TestDocumentApproveAPI" name="test_approve_nonexistent_returns_404" time="0.008" /><testcase classname="tests.api.test_documents_api.TestDocumentApproveAPI" name="test_reject_nonexistent_returns_404" time="0.010" /><testcase classname="tests.api.test_documents_api.TestDocumentStatsAPI" name="test_get_stats_returns_200" time="0.013" /><testcase classname="tests.api.test_documents_api.TestDocumentStatsAPI" name="test_get_stats_returns_numeric_counts" time="0.007" /><testcase classname="tests.api.test_health.TestHealthEndpoint" name="test_health_returns_200" time="0.008" /><testcase classname="tests.api.test_health.TestHealthEndpoint" name="test_health_response_has_status_ok" time="0.005" /><testcase classname="tests.api.test_health.TestHealthEndpoint" name="test_health_response_has_app_name" time="0.005" /><testcase classname="tests.api.test_health.TestHealthEndpoint" name="test_health_response_has_ai_deployment_mode" time="0.006" /><testcase classname="tests.api.test_health.TestHealthEndpoint" name="test_docs_endpoint_accessible" time="0.006" /><testcase classname="tests.api.test_health.TestHealthEndpoint" name="test_openapi_json_accessible" time="0.024" /><testcase classname="tests.api.test_health.TestAppConfiguration" name="test_app_has_title" time="0.005" /><testcase classname="tests.api.test_health.TestAppConfiguration" name="test_app_has_version" time="0.004" /><testcase classname="tests.api.test_health.TestAppConfiguration" name="test_routers_are_registered" time="0.006"><failure message="assert False&#10; +  where False = any(&lt;generator object TestAppConfiguration.test_routers_are_registered.&lt;locals&gt;.&lt;genexpr&gt; at 0x0000024CD5AB1D80&gt;)">E   assert False
     +  where False = any(&lt;generator object TestAppConfiguration.test_routers_are_registered.&lt;locals&gt;.&lt;genexpr&gt; at 0x0000024CD5AB1D80&gt;)</failure></testcase><testcase classname="tests.api.test_upload_api.TestUploadSingleFile" name="test_upload_jpg_returns_200" time="0.007"><failure message="AttributeError: module 'src.api' has no attribute 'upload'">E   AttributeError: module 'src.api' has no attribute 'upload'</failure></testcase><testcase classname="tests.api.test_upload_api.TestUploadSingleFile" name="test_upload_returns_document_id" time="0.007"><failure message="AttributeError: module 'src.api' has no attribute 'upload'">E   AttributeError: module 'src.api' has no attribute 'upload'</failure></testcase><testcase classname="tests.api.test_upload_api.TestUploadSingleFile" name="test_upload_unsupported_extension_returns_400" time="0.007"><failure message="assert 404 == 400&#10; +  where 404 = &lt;Response [404 Not Found]&gt;.status_code">E   assert 404 == 400
     +  where 404 = &lt;Response [404 Not Found]&gt;.status_code</failure></testcase><testcase classname="tests.api.test_upload_api.TestUploadSingleFile" name="test_upload_txt_returns_400" time="0.007"><failure message="assert 404 == 400&#10; +  where 404 = &lt;Response [404 Not Found]&gt;.status_code">E   assert 404 == 400
     +  where 404 = &lt;Response [404 Not Found]&gt;.status_code</failure></testcase><testcase classname="tests.api.test_upload_api.TestUploadSingleFile" name="test_upload_with_client_id" time="0.008"><failure message="AttributeError: module 'src.api' has no attribute 'upload'">E   AttributeError: module 'src.api' has no attribute 'upload'</failure></testcase><testcase classname="tests.api.test_upload_api.TestBatchUpload" name="test_batch_upload_returns_job_id" time="0.006"><failure message="AttributeError: module 'src.api' has no attribute 'upload'">E   AttributeError: module 'src.api' has no attribute 'upload'</failure></testcase><testcase classname="tests.api.test_upload_api.TestBatchUpload" name="test_batch_upload_too_many_files_returns_400" time="0.010"><failure message="assert 404 == 400&#10; +  where 404 = &lt;Response [404 Not Found]&gt;.status_code">E   assert 404 == 400
     +  where 404 = &lt;Response [404 Not Found]&gt;.status_code</failure></testcase><testcase classname="tests.api.test_upload_api.TestBatchStatus" name="test_nonexistent_batch_returns_404" time="0.005" /><testcase classname="tests.api.test_upload_api.TestBatchStatus" name="test_invalid_job_id_returns_error" time="0.008" /><testcase classname="tests.api.test_upload_api.TestReprocessEndpoint" name="test_reprocess_nonexistent_returns_404" time="0.007"><failure message="AttributeError: module 'src.api' has no attribute 'upload'">E   AttributeError: module 'src.api' has no attribute 'upload'</failure></testcase><testcase classname="tests.core.test_audit_log.TestAuditEventType" name="test_event_types_are_strings" time="0.006" /><testcase classname="tests.core.test_audit_log.TestAuditEventType" name="test_event_type_format" time="0.004" /><testcase classname="tests.core.test_audit_log.TestAuditLogger" name="test_log_without_db_does_not_raise" time="0.005" /><testcase classname="tests.core.test_audit_log.TestAuditLogger" name="test_log_with_status_success" time="0.005" /><testcase classname="tests.core.test_audit_log.TestAuditLogger" name="test_log_with_status_failure" time="0.005" /><testcase classname="tests.core.test_audit_log.TestAuditLogger" name="test_log_anonymous_user" time="0.005" /><testcase classname="tests.core.test_audit_log.TestAuditLogger" name="test_log_data_change_extracts_diff" time="0.005" /><testcase classname="tests.core.test_audit_log.TestAuditLogger" name="test_log_data_change_detects_changed_field" time="0.004" /><testcase classname="tests.core.test_audit_log.TestGetAuditLogger" name="test_returns_audit_logger_instance" time="0.004" /><testcase classname="tests.core.test_audit_log.TestGetAuditLogger" name="test_returns_same_instance" time="0.006" /><testcase classname="tests.core.test_audit_log.TestAuditRequestMiddleware" name="test_middleware_adds_security_headers" time="0.006" /><testcase classname="tests.core.test_classifier.TestDocumentClassifier" name="test_classify_receipt_by_keywords" time="0.006" /><testcase classname="tests.core.test_classifier.TestDocumentClassifier" name="test_classify_convenience_store_receipt" time="0.004" /><testcase classname="tests.core.test_classifier.TestDocumentClassifier" name="test_classify_receipt_with_thermal_flag" time="0.005" /><testcase classname="tests.core.test_classifier.TestDocumentClassifier" name="test_classify_handwritten_receipt" time="0.006" /><testcase classname="tests.core.test_classifier.TestDocumentClassifier" name="test_classify_uwa_sama_as_handwritten" time="0.005" /><testcase classname="tests.core.test_classifier.TestDocumentClassifier" name="test_classify_invoice" time="0.004" /><testcase classname="tests.core.test_classifier.TestDocumentClassifier" name="test_classify_invoice_keywords" time="0.005" /><testcase classname="tests.core.test_classifier.TestDocumentClassifier" name="test_classify_card_statement" time="0.005" /><testcase classname="tests.core.test_classifier.TestDocumentClassifier" name="test_classify_credit_card_keywords" time="0.004" /><testcase classname="tests.core.test_classifier.TestDocumentClassifier" name="test_classify_empty_text_returns_unknown" time="0.004" /><testcase classname="tests.core.test_classifier.TestDocumentClassifier" name="test_classify_noise_text" time="0.005" /><testcase classname="tests.core.test_classifier.TestDocumentClassifier" name="test_classification_result_has_scores" time="0.004" /><testcase classname="tests.core.test_classifier.TestDocumentClassifier" name="test_confidence_between_zero_and_one" time="0.004" /><testcase classname="tests.core.test_classifier.TestDocumentClassifier" name="test_scores_are_probabilities" time="0.006" /><testcase classname="tests.core.test_classifier.TestDocumentClassifier" name="test_aspect_ratio_influences_receipt_score" time="0.005" /><testcase classname="tests.core.test_confidence_scorer.TestConfidenceTierThresholds" name="test_high_confidence_yields_auto_confirmed" time="0.005" /><testcase classname="tests.core.test_confidence_scorer.TestConfidenceTierThresholds" name="test_partial_fields_yields_needs_review" time="0.005" /><testcase classname="tests.core.test_confidence_scorer.TestConfidenceTierThresholds" name="test_all_fields_missing_yields_manual_input" time="0.004" /><testcase classname="tests.core.test_confidence_scorer.TestConfidenceTierThresholds" name="test_score_is_between_zero_and_one" time="0.004" /><testcase classname="tests.core.test_confidence_scorer.TestConfidenceTierThresholds" name="test_threshold_auto_boundary" time="0.007" /><testcase classname="tests.core.test_confidence_scorer.TestArithmeticCheck" name="test_exact_arithmetic_passes" time="0.004" /><testcase classname="tests.core.test_confidence_scorer.TestArithmeticCheck" name="test_arithmetic_with_1yen_tolerance" time="0.004" /><testcase classname="tests.core.test_confidence_scorer.TestArithmeticCheck" name="test_arithmetic_fails_on_large_discrepancy" time="0.007" /><testcase classname="tests.core.test_confidence_scorer.TestArithmeticCheck" name="test_arithmetic_check_with_8pct_and_10pct" time="0.004" /><testcase classname="tests.core.test_confidence_scorer.TestArithmeticCheck" name="test_arithmetic_skipped_when_amounts_missing" time="0.004" /><testcase classname="tests.core.test_confidence_scorer.TestScoringResult" name="test_field_scores_are_present" time="0.005" /><testcase classname="tests.core.test_confidence_scorer.TestScoringResult" name="test_is_auto_property" time="0.004" /><testcase classname="tests.core.test_confidence_scorer.TestScoringResult" name="test_needs_review_property" time="0.004" /><testcase classname="tests.core.test_confidence_scorer.TestScoringResult" name="test_flags_are_generated_on_issues" time="0.006" /><testcase classname="tests.core.test_confidence_scorer.TestScoringResult" name="test_score_higher_with_more_fields" time="0.004" /><testcase classname="tests.core.test_confidence_scorer.TestScoringResult" name="test_vlm_confidence_influences_score" time="0.004" /><testcase classname="tests.core.test_electronic_bookkeeping.TestElectronicBookkeepingValidator" name="test_valid_high_dpi_image_passes" time="0.007"><failure message="ModuleNotFoundError: No module named 'PIL'">E   ModuleNotFoundError: No module named 'PIL'</failure></testcase><testcase classname="tests.core.test_electronic_bookkeeping.TestElectronicBookkeepingValidator" name="test_image_hash_is_sha256" time="0.005"><failure message="ModuleNotFoundError: No module named 'PIL'">E   ModuleNotFoundError: No module named 'PIL'</failure></testcase><testcase classname="tests.core.test_electronic_bookkeeping.TestElectronicBookkeepingValidator" name="test_image_hash_is_deterministic" time="0.007"><failure message="ModuleNotFoundError: No module named 'PIL'">E   ModuleNotFoundError: No module named 'PIL'</failure></testcase><testcase classname="tests.core.test_electronic_bookkeeping.TestElectronicBookkeepingValidator" name="test_different_images_have_different_hashes" time="0.005"><failure message="ModuleNotFoundError: No module named 'PIL'">E   ModuleNotFoundError: No module named 'PIL'</failure></testcase><testcase classname="tests.core.test_electronic_bookkeeping.TestElectronicBookkeepingValidator" name="test_scan_datetime_is_recent" time="0.007"><failure message="ModuleNotFoundError: No module named 'PIL'">E   ModuleNotFoundError: No module named 'PIL'</failure></testcase><testcase classname="tests.core.test_electronic_bookkeeping.TestElectronicBookkeepingValidator" name="test_timestamp_deadline_is_2_business_days" time="0.005"><failure message="ModuleNotFoundError: No module named 'PIL'">E   ModuleNotFoundError: No module named 'PIL'</failure></testcase><testcase classname="tests.core.test_electronic_bookkeeping.TestElectronicBookkeepingValidator" name="test_file_size_is_recorded" time="0.007"><failure message="ModuleNotFoundError: No module named 'PIL'">E   ModuleNotFoundError: No module named 'PIL'</failure></testcase><testcase classname="tests.core.test_electronic_bookkeeping.TestElectronicBookkeepingValidator" name="test_invalid_image_bytes_returns_violation" time="0.006"><failure message="ModuleNotFoundError: No module named 'PIL'">E   ModuleNotFoundError: No module named 'PIL'</failure></testcase><testcase classname="tests.core.test_electronic_bookkeeping.TestElectronicBookkeepingValidator" name="test_small_file_generates_warning" time="0.007"><failure message="ModuleNotFoundError: No module named 'PIL'">E   ModuleNotFoundError: No module named 'PIL'</failure></testcase><testcase classname="tests.core.test_electronic_bookkeeping.TestElectronicBookkeepingValidator" name="test_min_dpi_constant" time="0.005" /><testcase classname="tests.core.test_electronic_bookkeeping.TestElectronicBookkeepingValidator" name="test_color_mode_detection_rgb" time="0.008"><skipped type="pytest.skip" message="Pillow が利用できないためスキップ">C:\devlop\ocr\backend\tests\core\test_electronic_bookkeeping.py:110: Pillow が利用できないためスキップ</skipped></testcase><testcase classname="tests.core.test_electronic_bookkeeping.TestElectronicBookkeepingValidator" name="test_color_mode_detection_grayscale" time="0.005"><skipped type="pytest.skip" message="Pillow が利用できないためスキップ">C:\devlop\ocr\backend\tests\core\test_electronic_bookkeeping.py:122: Pillow が利用できないためスキップ</skipped></testcase><testcase classname="tests.core.test_electronic_bookkeeping.TestElectronicBookkeepingStorage" name="test_save_original_returns_hash_and_path" time="0.013" /><testcase classname="tests.core.test_electronic_bookkeeping.TestElectronicBookkeepingStorage" name="test_saved_file_content_matches" time="0.008" /><testcase classname="tests.core.test_electronic_bookkeeping.TestElectronicBookkeepingStorage" name="test_saved_file_hash_matches_sha256" time="0.007" /><testcase classname="tests.core.test_electronic_bookkeeping.TestElectronicBookkeepingStorage" name="test_saved_file_is_readonly" time="0.035" /><testcase classname="tests.core.test_electronic_bookkeeping.TestElectronicBookkeepingStorage" name="test_duplicate_save_returns_same_hash" time="0.010" /><testcase classname="tests.core.test_electronic_bookkeeping.TestElectronicBookkeepingStorage" name="test_integrity_verification" time="0.008" /><testcase classname="tests.core.test_electronic_bookkeeping.TestElectronicBookkeepingStorage" name="test_integrity_fails_for_missing_file" time="0.009" /><testcase classname="tests.core.test_extractor.TestDateExtraction" name="test_extract_reiwa_date" time="0.008" /><testcase classname="tests.core.test_extractor.TestDateExtraction" name="test_extract_heisei_date" time="0.006" /><testcase classname="tests.core.test_extractor.TestDateExtraction" name="test_extract_western_date_slash" time="0.006" /><testcase classname="tests.core.test_extractor.TestDateExtraction" name="test_extract_western_date_hyphen" time="0.005" /><testcase classname="tests.core.test_extractor.TestDateExtraction" name="test_extract_japanese_full_date" time="0.004" /><testcase classname="tests.core.test_extractor.TestDateExtraction" name="test_no_date_returns_none" time="0.005" /><testcase classname="tests.core.test_extractor.TestDateExtraction" name="test_extract_from_receipt" time="0.005" /><testcase classname="tests.core.test_extractor.TestAmountExtraction" name="test_extract_total_amount" time="0.005" /><testcase classname="tests.core.test_extractor.TestAmountExtraction" name="test_extract_tax_included_total" time="0.005" /><testcase classname="tests.core.test_extractor.TestAmountExtraction" name="test_extract_subtotal_and_tax" time="0.006" /><testcase classname="tests.core.test_extractor.TestAmountExtraction" name="test_extract_8pct_tax" time="0.005" /><testcase classname="tests.core.test_extractor.TestAmountExtraction" name="test_extract_yen_symbol" time="0.004" /><testcase classname="tests.core.test_extractor.TestAmountExtraction" name="test_extract_comma_formatted_amount" time="0.005" /><testcase classname="tests.core.test_extractor.TestAmountExtraction" name="test_no_amount_returns_none" time="0.005" /><testcase classname="tests.core.test_extractor.TestAmountExtraction" name="test_extract_from_sample_receipt" time="0.005" /><testcase classname="tests.core.test_extractor.TestAmountExtraction" name="test_extract_from_sample_invoice" time="0.005" /><testcase classname="tests.core.test_extractor.TestVendorExtraction" name="test_extract_store_name_from_first_line" time="0.005" /><testcase classname="tests.core.test_extractor.TestVendorExtraction" name="test_extract_from_sample_receipt" time="0.005" /><testcase classname="tests.core.test_extractor.TestInvoiceNumberExtraction" name="test_extract_t_number_pattern" time="0.004" /><testcase classname="tests.core.test_extractor.TestInvoiceNumberExtraction" name="test_extract_from_sample_receipt" time="0.006" /><testcase classname="tests.core.test_extractor.TestPaymentMethodExtraction" name="test_extract_cash_payment" time="0.005" /><testcase classname="tests.core.test_extractor.TestPaymentMethodExtraction" name="test_extract_card_payment" time="0.005" /><testcase classname="tests.core.test_extractor.TestPaymentMethodExtraction" name="test_extract_paypay_payment" time="0.005" /><testcase classname="tests.core.test_extractor.TestExtractedFieldsType" name="test_extracted_fields_is_dataclass" time="0.004" /><testcase classname="tests.core.test_extractor.TestExtractedFieldsType" name="test_line_items_is_list" time="0.005" /><testcase classname="tests.core.test_extractor.TestExtractedFieldsType" name="test_empty_text_returns_empty_fields" time="0.006" /><testcase classname="tests.core.test_extractor.TestExtractedFieldsType" name="test_total_amount_is_numeric_or_none" time="0.005" /><testcase classname="tests.core.test_extractor.TestExtractedFieldsType" name="test_transaction_date_is_date_or_none" time="0.005" /><testcase classname="tests.core.test_invoice_validator.TestInvoiceNumberValidator" name="test_valid_format_returns_normalized_number" time="0.005" /><testcase classname="tests.core.test_invoice_validator.TestInvoiceNumberValidator" name="test_missing_t_prefix_is_invalid" time="0.004" /><testcase classname="tests.core.test_invoice_validator.TestInvoiceNumberValidator" name="test_wrong_digit_count_is_invalid" time="0.004" /><testcase classname="tests.core.test_invoice_validator.TestInvoiceNumberValidator" name="test_too_many_digits_is_invalid" time="0.006" /><testcase classname="tests.core.test_invoice_validator.TestInvoiceNumberValidator" name="test_non_digit_characters_invalid" time="0.005" /><testcase classname="tests.core.test_invoice_validator.TestInvoiceNumberValidator" name="test_lowercase_t_is_accepted" time="0.005" /><testcase classname="tests.core.test_invoice_validator.TestInvoiceNumberValidator" name="test_valid_check_digit_is_corporate" time="0.006" /><testcase classname="tests.core.test_invoice_validator.TestInvoiceNumberValidator" name="test_invalid_check_digit_not_corporate" time="0.006" /><testcase classname="tests.core.test_invoice_validator.TestInvoiceNumberValidator" name="test_extract_from_standard_text" time="0.005" /><testcase classname="tests.core.test_invoice_validator.TestInvoiceNumberValidator" name="test_extract_ignores_surrounding_noise" time="0.005" /><testcase classname="tests.core.test_invoice_validator.TestInvoiceNumberValidator" name="test_extract_with_spaces_in_number" time="0.004" /><testcase classname="tests.core.test_invoice_validator.TestInvoiceNumberValidator" name="test_extract_from_invoice_label" time="0.004" /><testcase classname="tests.core.test_invoice_validator.TestInvoiceNumberValidator" name="test_extract_from_zenkaku_digits" time="0.006" /><testcase classname="tests.core.test_invoice_validator.TestInvoiceNumberValidator" name="test_extract_all_returns_multiple_numbers" time="0.004" /><testcase classname="tests.core.test_invoice_validator.TestInvoiceNumberValidator" name="test_extract_from_empty_text_returns_none" time="0.005" /><testcase classname="tests.core.test_invoice_validator.TestInvoiceNumberValidator" name="test_extract_when_no_number_present" time="0.005" /><testcase classname="tests.core.test_invoice_validator.TestInvoiceNumberValidator" name="test_extract_from_sample_receipt" time="0.005" /><testcase classname="tests.core.test_invoice_validator.TestInvoiceNumberValidator" name="test_extract_from_sample_invoice" time="0.004" /><testcase classname="tests.core.test_invoice_validator.TestInvoiceNumberValidator" name="test_extract_invoice_number_utility" time="0.006" /><testcase classname="tests.core.test_invoice_validator.TestInvoiceNumberValidator" name="test_extract_invoice_number_returns_none_when_absent" time="0.004" /><testcase classname="tests.core.test_invoice_validator.TestInvoiceNumberValidator" name="test_is_valid_invoice_number_valid" time="0.004" /><testcase classname="tests.core.test_invoice_validator.TestInvoiceNumberValidator" name="test_all_zeros_after_t" time="0.006" /><testcase classname="tests.core.test_invoice_validator.TestInvoiceNumberValidator" name="test_whitespace_only_text" time="0.004" /><testcase classname="tests.core.test_invoice_validator.TestCheckDigitAlgorithm" name="test_known_valid_corporate_numbers" time="0.004" /><testcase classname="tests.core.test_invoice_validator.TestCheckDigitAlgorithm" name="test_check_digit_boundary_value_9" time="0.004" /><testcase classname="tests.core.test_journal_model.TestFreeeAccountAdapter" name="test_shomohinhi_returns_correct_id" time="0.005" /><testcase classname="tests.core.test_journal_model.TestFreeeAccountAdapter" name="test_ryohi_kotssuhi_returns_correct_id" time="0.004" /><testcase classname="tests.core.test_journal_model.TestFreeeAccountAdapter" name="test_cash_returns_correct_id" time="0.005" /><testcase classname="tests.core.test_journal_model.TestFreeeAccountAdapter" name="test_unknown_account_returns_fallback_id" time="0.006" /><testcase classname="tests.core.test_journal_model.TestFreeeAccountAdapter" name="test_tax_code_10pct" time="0.004" /><testcase classname="tests.core.test_journal_model.TestFreeeAccountAdapter" name="test_tax_code_non_taxable" time="0.004" /><testcase classname="tests.core.test_journal_model.TestFreeeAccountAdapter" name="test_all_standard_accounts_return_int" time="0.005" /><testcase classname="tests.core.test_journal_model.TestMoneyForwardAccountAdapter" name="test_shomohinhi_returns_text" time="0.004" /><testcase classname="tests.core.test_journal_model.TestMoneyForwardAccountAdapter" name="test_all_accounts_return_str" time="0.004" /><testcase classname="tests.core.test_journal_model.TestMoneyForwardAccountAdapter" name="test_tax_code_10pct_is_string" time="0.004" /><testcase classname="tests.core.test_journal_model.TestMoneyForwardAccountAdapter" name="test_unknown_account_returns_string" time="0.005" /><testcase classname="tests.core.test_journal_model.TestYayoiAccountAdapter" name="test_shomohinhi_returns_yayoi_text" time="0.004" /><testcase classname="tests.core.test_journal_model.TestYayoiAccountAdapter" name="test_tax_code_10pct_is_yayoi_code" time="0.004" /><testcase classname="tests.core.test_journal_model.TestYayoiAccountAdapter" name="test_tax_code_8pct_reduced" time="0.005" /><testcase classname="tests.core.test_journal_model.TestYayoiAccountAdapter" name="test_non_taxable_yayoi_code" time="0.004" /><testcase classname="tests.core.test_journal_model.TestClientAccountMaster" name="test_register_and_get_mapping" time="0.004" /><testcase classname="tests.core.test_journal_model.TestClientAccountMaster" name="test_load_from_db_mappings" time="0.004" /><testcase classname="tests.core.test_journal_model.TestClientAccountMaster" name="test_get_nonexistent_client_returns_none" time="0.005" /><testcase classname="tests.core.test_journal_model.TestClientAccountMaster" name="test_get_none_client_id_returns_none" time="0.005" /><testcase classname="tests.core.test_journal_model.TestClientAccountMaster" name="test_custom_mapping_overrides_default_in_adapter" time="0.004" /><testcase classname="tests.core.test_journal_model.TestGetAdapter" name="test_get_freee_adapter" time="0.005" /><testcase classname="tests.core.test_journal_model.TestGetAdapter" name="test_get_money_forward_adapter" time="0.005" /><testcase classname="tests.core.test_journal_model.TestGetAdapter" name="test_get_yayoi_adapter" time="0.004" /><testcase classname="tests.core.test_journal_model.TestGetAdapter" name="test_unknown_software_returns_default" time="0.006" /><testcase classname="tests.core.test_pii_masker.TestPiiMaskerMyNumber" name="test_mask_my_number_with_label" time="0.005" /><testcase classname="tests.core.test_pii_masker.TestPiiMaskerMyNumber" name="test_mask_my_number_with_mynumber_label" time="0.004" /><testcase classname="tests.core.test_pii_masker.TestPiiMaskerMyNumber" name="test_restore_my_number" time="0.006" /><testcase classname="tests.core.test_pii_masker.TestPiiMaskerMyNumber" name="test_my_number_not_masked_when_disabled" time="0.005" /><testcase classname="tests.core.test_pii_masker.TestPiiMaskerBankAccount" name="test_mask_bank_account_with_label" time="0.004" /><testcase classname="tests.core.test_pii_masker.TestPiiMaskerBankAccount" name="test_mask_transfer_destination" time="0.005" /><testcase classname="tests.core.test_pii_masker.TestPiiMaskerBankAccount" name="test_restore_bank_account" time="0.004" /><testcase classname="tests.core.test_pii_masker.TestPiiMaskerBankAccount" name="test_bank_account_not_masked_when_disabled" time="0.004" /><testcase classname="tests.core.test_pii_masker.TestPiiMaskerCardNumber" name="test_mask_valid_visa_card" time="0.004" /><testcase classname="tests.core.test_pii_masker.TestPiiMaskerCardNumber" name="test_mask_card_with_hyphens" time="0.006" /><testcase classname="tests.core.test_pii_masker.TestPiiMaskerCardNumber" name="test_invalid_luhn_not_masked" time="0.004" /><testcase classname="tests.core.test_pii_masker.TestPiiMaskerCardNumber" name="test_restore_card_number" time="0.004" /><testcase classname="tests.core.test_pii_masker.TestPiiMaskerCardNumber" name="test_invoice_number_not_masked_as_card" time="0.005" /><testcase classname="tests.core.test_pii_masker.TestPiiMaskerComplex" name="test_multiple_pii_types_in_one_text" time="0.005" /><testcase classname="tests.core.test_pii_masker.TestPiiMaskerComplex" name="test_no_pii_in_normal_text" time="0.005" /><testcase classname="tests.core.test_pii_masker.TestPiiMaskerComplex" name="test_restore_all_pii_correctly" time="0.006" /><testcase classname="tests.core.test_pii_masker.TestPiiMaskerComplex" name="test_mask_empty_string" time="0.004" /><testcase classname="tests.core.test_pii_masker.TestPiiMaskerComplex" name="test_mask_count_correct" time="0.004" /><testcase classname="tests.core.test_pii_masker.TestPiiMaskerComplex" name="test_restore_with_empty_values_returns_original" time="0.006" /><testcase classname="tests.core.test_pii_masker.TestLuhnAlgorithm" name="test_known_valid_card_numbers" time="0.004" /><testcase classname="tests.core.test_pii_masker.TestLuhnAlgorithm" name="test_known_invalid_card_numbers" time="0.004" /><testcase classname="tests.core.test_rule_engine.TestRuleEngineDefaultMappings" name="test_convenience_store_maps_to_shomohin" time="0.006" /><testcase classname="tests.core.test_rule_engine.TestRuleEngineDefaultMappings" name="test_taxi_maps_to_ryohi_kotssuhi" time="0.004" /><testcase classname="tests.core.test_rule_engine.TestRuleEngineDefaultMappings" name="test_train_maps_to_ryohi_kotssuhi" time="0.004" /><testcase classname="tests.core.test_rule_engine.TestRuleEngineDefaultMappings" name="test_restaurant_maps_to_kosaichi" time="0.004" /><testcase classname="tests.core.test_rule_engine.TestRuleEngineDefaultMappings" name="test_electricity_maps_to_konetsu" time="0.004" /><testcase classname="tests.core.test_rule_engine.TestRuleEngineDefaultMappings" name="test_phone_maps_to_tsuushinhi" time="0.004" /><testcase classname="tests.core.test_rule_engine.TestRuleEngineDefaultMappings" name="test_amazon_maps_to_shomohin" time="0.004" /><testcase classname="tests.core.test_rule_engine.TestRuleEngineDefaultMappings" name="test_cafe_maps_to_kaigishi" time="0.005" /><testcase classname="tests.core.test_rule_engine.TestRuleEngineDefaultMappings" name="test_unknown_vendor_returns_suggestion" time="0.004" /><testcase classname="tests.core.test_rule_engine.TestRuleEngineDefaultMappings" name="test_none_vendor_name" time="0.004" /><testcase classname="tests.core.test_rule_engine.TestRuleEngineDefaultMappings" name="test_empty_vendor_name" time="0.005" /><testcase classname="tests.core.test_rule_engine.TestRuleEngineLearning" name="test_learn_creates_mapping" time="0.004" /><testcase classname="tests.core.test_rule_engine.TestRuleEngineLearning" name="test_learned_mapping_has_higher_confidence" time="0.004" /><testcase classname="tests.core.test_rule_engine.TestRuleEngineLearning" name="test_learn_partial_match" time="0.004" /><testcase classname="tests.core.test_rule_engine.TestRuleEngineLearning" name="test_learn_client_specific" time="0.005" /><testcase classname="tests.core.test_rule_engine.TestRuleEngineLearning" name="test_load_from_history" time="0.004" /><testcase classname="tests.core.test_rule_engine.TestTaxCategoryNormalization" name="test_tax_category_suggestions_are_valid" time="0.004" /><testcase classname="tests.core.test_rule_engine.TestTaxCategoryNormalization" name="test_food_items_use_reduced_rate" time="0.006" /><testcase classname="tests.core.test_rule_engine.TestGetRuleEngine" name="test_get_rule_engine_returns_instance" time="0.004" /><testcase classname="tests.core.test_rule_engine.TestGetRuleEngine" name="test_get_rule_engine_returns_same_instance" time="0.004" /></testsuite></testsuites>